<?xml version="1.0" encoding="UTF-8"?>
<testsuite name="Test-20200124110859" tests="1" file=".py" time="6.133" timestamp="2020-01-24T11:09:08" failures="0" errors="1" skipped="0">
	<testcase classname="Test" name="test_signup_form_validations" time="6.133" timestamp="2020-01-24T11:09:08" file="unittests\vaeative_unit.py" line="184">
		<error type="NameError" message="name 'element' is not defined"><![CDATA[Traceback (most recent call last):
  File "c:/Users/srdesai/VeativeWebVR/unittests/vaeative_unit.py", line 219, in test_signup_form_validations
    btn_element = WebDriverWait(self.driver,10).until(lambda driver:self.driver.find_element_by_xpath(element.text))
  File "C:\Users\srdesai\AppData\Local\Programs\Python\Python38-32\lib\site-packages\selenium\webdriver\support\wait.py", line 71, in until
    value = method(self._driver)
  File "c:/Users/srdesai/VeativeWebVR/unittests/vaeative_unit.py", line 219, in <lambda>
    btn_element = WebDriverWait(self.driver,10).until(lambda driver:self.driver.find_element_by_xpath(element.text))
NameError: name 'element' is not defined
]]></error>
		<system-out><![CDATA[]]></system-out>
		<system-err><![CDATA[]]></system-err>
	</testcase>
</testsuite>
