<?xml version="1.0" encoding="UTF-8"?>
<testsuite name="Test-20200124123617" tests="1" file=".py" time="5.974" timestamp="2020-01-24T12:36:25" failures="0" errors="1" skipped="0">
	<testcase classname="Test" name="test_login_form_validations" time="5.974" timestamp="2020-01-24T12:36:25" file="unittests\unity.py" line="17">
		<error type="InvalidArgumentException" message="Message: invalid argument: 'value' must be a string
  (Session info: chrome=79.0.3945.130)
"><![CDATA[Traceback (most recent call last):
  File "c:/Users/srdesai/VeativeWebVR/unittests/unity.py", line 34, in test_login_form_validations
    btn_element = WebDriverWait(self.driver,10).until(lambda driver:self.driver.find_element_by_xpath(btn_element))
  File "C:\Users\srdesai\AppData\Local\Programs\Python\Python38-32\lib\site-packages\selenium\webdriver\support\wait.py", line 71, in until
    value = method(self._driver)
  File "c:/Users/srdesai/VeativeWebVR/unittests/unity.py", line 34, in <lambda>
    btn_element = WebDriverWait(self.driver,10).until(lambda driver:self.driver.find_element_by_xpath(btn_element))
  File "C:\Users\srdesai\AppData\Local\Programs\Python\Python38-32\lib\site-packages\selenium\webdriver\remote\webdriver.py", line 394, in find_element_by_xpath
    return self.find_element(by=By.XPATH, value=xpath)
  File "C:\Users\srdesai\AppData\Local\Programs\Python\Python38-32\lib\site-packages\selenium\webdriver\remote\webdriver.py", line 976, in find_element
    return self.execute(Command.FIND_ELEMENT, {
  File "C:\Users\srdesai\AppData\Local\Programs\Python\Python38-32\lib\site-packages\selenium\webdriver\remote\webdriver.py", line 321, in execute
    self.error_handler.check_response(response)
  File "C:\Users\srdesai\AppData\Local\Programs\Python\Python38-32\lib\site-packages\selenium\webdriver\remote\errorhandler.py", line 242, in check_response
    raise exception_class(message, screen, stacktrace)
selenium.common.exceptions.InvalidArgumentException: Message: invalid argument: 'value' must be a string
  (Session info: chrome=79.0.3945.130)

]]></error>
		<system-out><![CDATA[]]></system-out>
		<system-err><![CDATA[]]></system-err>
	</testcase>
</testsuite>
