<?xml version="1.0" encoding="UTF-8"?>
<testsuite name="Test-20200124110259" tests="1" file=".py" time="5.889" timestamp="2020-01-24T11:03:07" failures="0" errors="1" skipped="0">
	<testcase classname="Test" name="test_signup_form_validations" time="5.889" timestamp="2020-01-24T11:03:07" file="unittests\vaeative_unit.py" line="174">
		<error type="ElementNotInteractableException" message="Message: element not interactable
  (Session info: chrome=79.0.3945.130)
"><![CDATA[Traceback (most recent call last):
  File "c:/Users/srdesai/VeativeWebVR/unittests/vaeative_unit.py", line 200, in test_signup_form_validations
    passwd_element.send_keys("sanjeev.amar@gmail.com")
  File "C:\Users\srdesai\AppData\Local\Programs\Python\Python38-32\lib\site-packages\selenium\webdriver\remote\webelement.py", line 477, in send_keys
    self._execute(Command.SEND_KEYS_TO_ELEMENT,
  File "C:\Users\srdesai\AppData\Local\Programs\Python\Python38-32\lib\site-packages\selenium\webdriver\remote\webelement.py", line 633, in _execute
    return self._parent.execute(command, params)
  File "C:\Users\srdesai\AppData\Local\Programs\Python\Python38-32\lib\site-packages\selenium\webdriver\remote\webdriver.py", line 321, in execute
    self.error_handler.check_response(response)
  File "C:\Users\srdesai\AppData\Local\Programs\Python\Python38-32\lib\site-packages\selenium\webdriver\remote\errorhandler.py", line 242, in check_response
    raise exception_class(message, screen, stacktrace)
selenium.common.exceptions.ElementNotInteractableException: Message: element not interactable
  (Session info: chrome=79.0.3945.130)

]]></error>
		<system-out><![CDATA[]]></system-out>
		<system-err><![CDATA[]]></system-err>
	</testcase>
</testsuite>
