<?xml version="1.0" encoding="UTF-8"?>
<testsuite name="Test-20200124141430" tests="1" file=".py" time="5.908" timestamp="2020-01-24T14:14:39" failures="0" errors="1" skipped="0">
	<testcase classname="Test" name="test_login_form_validations" time="5.908" timestamp="2020-01-24T14:14:39" file="unittests\unity.py" line="17">
		<error type="AttributeError" message="'WebDriver' object has no attribute 'findElement'"><![CDATA[Traceback (most recent call last):
  File "c:/Users/srdesai/VeativeWebVR/unittests/unity.py", line 35, in test_login_form_validations
    button = self.driver.findElement(By.xpath(clicable));
AttributeError: 'WebDriver' object has no attribute 'findElement'
]]></error>
		<system-out><![CDATA[]]></system-out>
		<system-err><![CDATA[]]></system-err>
	</testcase>
</testsuite>
